# JRE version: OpenJDK Runtime Environment Temurin-21.0.8+9 (21.0.8+9) (build 21.0.8+9-LTS)
# Java VM: OpenJDK 64-Bit Server VM Temurin-21.0.8+9 (21.0.8+9-LTS, mixed mode, sharing, tiered, compressed oops, compressed class ptrs, parallel gc, windows-amd64)
GC Precious Log:
 CardTable entry size: 512
 CPUs: 12 total, 12 available
 Memory: 18277M
 Large Page Support: Disabled
 NUMA Support: Disabled
 Compressed Oops: Enabled (32-bit)
 Alignments: Space 512K, Generation 512K, Heap 2M
 Heap Min Capacity: 100M
 Heap Initial Capacity: 100M
 Heap Max Capacity: 2G
 Pre-touch: Disabled
 Parallel Workers: 10
Heap:
 PSYoungGen      total 3072K, used 678K [0x00000000d5580000, 0x00000000d5a00000, 0x0000000100000000)
  eden space 2048K, 1% used [0x00000000d5580000,0x00000000d5589b68,0x00000000d5780000)
  from space 1024K, 62% used [0x00000000d5900000,0x00000000d59a0000,0x00000000d5a00000)
  to   space 1024K, 0% used [0x00000000d5800000,0x00000000d5800000,0x00000000d5900000)
 ParOldGen       total 356352K, used 355943K [0x0000000080000000, 0x0000000095c00000, 0x00000000d5580000)
  object space 356352K, 99% used [0x0000000080000000,0x0000000095b99ff0,0x0000000095c00000)
 Metaspace       used 90616K, committed 92160K, reserved 1179648K
  class space    used 9053K, committed 9792K, reserved 1048576K
GC Heap History (20 events):
Event: 3588.309 GC heap before
{Heap before GC invocations=6720 (full 8):
 PSYoungGen      total 1536K, used 1280K [0x00000000d5580000, 0x00000000d5900000, 0x0000000100000000)
  eden space 1024K, 100% used [0x00000000d5580000,0x00000000d5680000,0x00000000d5680000)
  from space 512K, 50% used [0x00000000d5880000,0x00000000d58c0000,0x00000000d5900000)
  to   space 1024K, 0% used [0x00000000d5700000,0x00000000d5700000,0x00000000d5800000)
 ParOldGen       total 348672K, used 348235K [0x0000000080000000, 0x0000000095480000, 0x00000000d5580000)
  object space 348672K, 99% used [0x0000000080000000,0x0000000095412d50,0x0000000095480000)
 Metaspace       used 90616K, committed 92160K, reserved 1179648K
  class space    used 9053K, committed 9792K, reserved 1048576K
}
Event: 3588.310 GC heap after
{Heap after GC invocations=6720 (full 8):
 PSYoungGen      total 2560K, used 1007K [0x00000000d5580000, 0x00000000d5a00000, 0x0000000100000000)
  eden space 1536K, 0% used [0x00000000d5580000,0x00000000d5580000,0x00000000d5700000)
  from space 1024K, 98% used [0x00000000d5700000,0x00000000d57fbc30,0x00000000d5800000)
  to   space 1536K, 0% used [0x00000000d5880000,0x00000000d5880000,0x00000000d5a00000)
 ParOldGen       total 348672K, used 348369K [0x0000000080000000, 0x0000000095480000, 0x00000000d5580000)
  object space 348672K, 99% used [0x0000000080000000,0x0000000095434790,0x0000000095480000)
 Metaspace       used 90616K, committed 92160K, reserved 1179648K
  class space    used 9053K, committed 9792K, reserved 1048576K
}
Event: 3588.313 GC heap before
{Heap before GC invocations=6721 (full 8):
 PSYoungGen      total 2560K, used 2543K [0x00000000d5580000, 0x00000000d5a00000, 0x0000000100000000)
  eden space 1536K, 100% used [0x00000000d5580000,0x00000000d5700000,0x00000000d5700000)
  from space 1024K, 98% used [0x00000000d5700000,0x00000000d57fbc30,0x00000000d5800000)
  to   space 1536K, 0% used [0x00000000d5880000,0x00000000d5880000,0x00000000d5a00000)
 ParOldGen       total 348672K, used 348369K [0x0000000080000000, 0x0000000095480000, 0x00000000d5580000)
  object space 348672K, 99% used [0x0000000080000000,0x0000000095434790,0x0000000095480000)
 Metaspace       used 90616K, committed 92160K, reserved 1179648K
  class space    used 9053K, committed 9792K, reserved 1048576K
}
Event: 3588.315 GC heap after
{Heap after GC invocations=6721 (full 8):
 PSYoungGen      total 2048K, used 1536K [0x00000000d5580000, 0x00000000d5d80000, 0x0000000100000000)
  eden space 512K, 0% used [0x00000000d5580000,0x00000000d5580000,0x00000000d5600000)
  from space 1536K, 100% used [0x00000000d5880000,0x00000000d5a00000,0x00000000d5a00000)
  to   space 2560K, 0% used [0x00000000d5600000,0x00000000d5600000,0x00000000d5880000)
 ParOldGen       total 349696K, used 349248K [0x0000000080000000, 0x0000000095580000, 0x00000000d5580000)
  object space 349696K, 99% used [0x0000000080000000,0x00000000955103c0,0x0000000095580000)
 Metaspace       used 90616K, committed 92160K, reserved 1179648K
  class space    used 9053K, committed 9792K, reserved 1048576K
}
Event: 3588.316 GC heap before
{Heap before GC invocations=6722 (full 8):
 PSYoungGen      total 2048K, used 2048K [0x00000000d5580000, 0x00000000d5d80000, 0x0000000100000000)
  eden space 512K, 100% used [0x00000000d5580000,0x00000000d5600000,0x00000000d5600000)
  from space 1536K, 100% used [0x00000000d5880000,0x00000000d5a00000,0x00000000d5a00000)
  to   space 2560K, 0% used [0x00000000d5600000,0x00000000d5600000,0x00000000d5880000)
 ParOldGen       total 349696K, used 349248K [0x0000000080000000, 0x0000000095580000, 0x00000000d5580000)
  object space 349696K, 99% used [0x0000000080000000,0x00000000955103c0,0x0000000095580000)
 Metaspace       used 90616K, committed 92160K, reserved 1179648K
  class space    used 9053K, committed 9792K, reserved 1048576K
}
Event: 3588.318 GC heap after
{Heap after GC invocations=6722 (full 8):
 PSYoungGen      total 1536K, used 704K [0x00000000d5580000, 0x00000000d5980000, 0x0000000100000000)
  eden space 512K, 0% used [0x00000000d5580000,0x00000000d5580000,0x00000000d5600000)
  from space 1024K, 68% used [0x00000000d5600000,0x00000000d56b0000,0x00000000d5700000)
  to   space 1536K, 0% used [0x00000000d5800000,0x00000000d5800000,0x00000000d5980000)
 ParOldGen       total 351232K, used 350760K [0x0000000080000000, 0x0000000095700000, 0x00000000d5580000)
  object space 351232K, 99% used [0x0000000080000000,0x000000009568a3c0,0x0000000095700000)
 Metaspace       used 90616K, committed 92160K, reserved 1179648K
  class space    used 9053K, committed 9792K, reserved 1048576K
}
Event: 3588.318 GC heap before
{Heap before GC invocations=6723 (full 8):
 PSYoungGen      total 1536K, used 1216K [0x00000000d5580000, 0x00000000d5980000, 0x0000000100000000)
  eden space 512K, 100% used [0x00000000d5580000,0x00000000d5600000,0x00000000d5600000)
  from space 1024K, 68% used [0x00000000d5600000,0x00000000d56b0000,0x00000000d5700000)
  to   space 1536K, 0% used [0x00000000d5800000,0x00000000d5800000,0x00000000d5980000)
 ParOldGen       total 351232K, used 350760K [0x0000000080000000, 0x0000000095700000, 0x00000000d5580000)
  object space 351232K, 99% used [0x0000000080000000,0x000000009568a3c0,0x0000000095700000)
 Metaspace       used 90616K, committed 92160K, reserved 1179648K
  class space    used 9053K, committed 9792K, reserved 1048576K
}
Event: 3588.320 GC heap after
{Heap after GC invocations=6723 (full 8):
 PSYoungGen      total 2048K, used 672K [0x00000000d5580000, 0x00000000d5900000, 0x0000000100000000)
  eden space 1024K, 0% used [0x00000000d5580000,0x00000000d5580000,0x00000000d5680000)
  from space 1024K, 65% used [0x00000000d5800000,0x00000000d58a8000,0x00000000d5900000)
  to   space 1024K, 0% used [0x00000000d5700000,0x00000000d5700000,0x00000000d5800000)
 ParOldGen       total 351744K, used 351280K [0x0000000080000000, 0x0000000095780000, 0x00000000d5580000)
  object space 351744K, 99% used [0x0000000080000000,0x000000009570c3c0,0x0000000095780000)
 Metaspace       used 90616K, committed 92160K, reserved 1179648K
  class space    used 9053K, committed 9792K, reserved 1048576K
}
Event: 3588.327 GC heap before
{Heap before GC invocations=6724 (full 8):
 PSYoungGen      total 2048K, used 1696K [0x00000000d5580000, 0x00000000d5900000, 0x0000000100000000)
  eden space 1024K, 100% used [0x00000000d5580000,0x00000000d5680000,0x00000000d5680000)
  from space 1024K, 65% used [0x00000000d5800000,0x00000000d58a8000,0x00000000d5900000)
  to   space 1024K, 0% used [0x00000000d5700000,0x00000000d5700000,0x00000000d5800000)
 ParOldGen       total 351744K, used 351280K [0x0000000080000000, 0x0000000095780000, 0x00000000d5580000)
  object space 351744K, 99% used [0x0000000080000000,0x000000009570c3c0,0x0000000095780000)
 Metaspace       used 90616K, committed 92160K, reserved 1179648K
  class space    used 9053K, committed 9792K, reserved 1048576K
}
Event: 3588.328 GC heap after
{Heap after GC invocations=6724 (full 8):
 PSYoungGen      total 2560K, used 864K [0x00000000d5580000, 0x00000000d5900000, 0x0000000100000000)
  eden space 1536K, 0% used [0x00000000d5580000,0x00000000d5580000,0x00000000d5700000)
  from space 1024K, 84% used [0x00000000d5700000,0x00000000d57d8000,0x00000000d5800000)
  to   space 1024K, 0% used [0x00000000d5800000,0x00000000d5800000,0x00000000d5900000)
 ParOldGen       total 352256K, used 351808K [0x0000000080000000, 0x0000000095800000, 0x00000000d5580000)
  object space 352256K, 99% used [0x0000000080000000,0x00000000957903c0,0x0000000095800000)
 Metaspace       used 90616K, committed 92160K, reserved 1179648K
  class space    used 9053K, committed 9792K, reserved 1048576K
}
Event: 3588.331 GC heap before
{Heap before GC invocations=6725 (full 8):
 PSYoungGen      total 2560K, used 2400K [0x00000000d5580000, 0x00000000d5900000, 0x0000000100000000)
  eden space 1536K, 100% used [0x00000000d5580000,0x00000000d5700000,0x00000000d5700000)
  from space 1024K, 84% used [0x00000000d5700000,0x00000000d57d8000,0x00000000d5800000)
  to   space 1024K, 0% used [0x00000000d5800000,0x00000000d5800000,0x00000000d5900000)
 ParOldGen       total 352256K, used 351808K [0x0000000080000000, 0x0000000095800000, 0x00000000d5580000)
  object space 352256K, 99% used [0x0000000080000000,0x00000000957903c0,0x0000000095800000)
 Metaspace       used 90616K, committed 92160K, reserved 1179648K
  class space    used 9053K, committed 9792K, reserved 1048576K
}
Event: 3588.333 GC heap after
{Heap after GC invocations=6725 (full 8):
 PSYoungGen      total 1536K, used 1007K [0x00000000d5580000, 0x00000000d5c80000, 0x0000000100000000)
  eden space 512K, 0% used [0x00000000d5580000,0x00000000d5580000,0x00000000d5600000)
  from space 1024K, 98% used [0x00000000d5800000,0x00000000d58fbc30,0x00000000d5900000)
  to   space 2048K, 0% used [0x00000000d5600000,0x00000000d5600000,0x00000000d5800000)
 ParOldGen       total 353280K, used 352832K [0x0000000080000000, 0x0000000095900000, 0x00000000d5580000)
  object space 353280K, 99% used [0x0000000080000000,0x00000000958903c0,0x0000000095900000)
 Metaspace       used 90616K, committed 92160K, reserved 1179648K
  class space    used 9053K, committed 9792K, reserved 1048576K
}
Event: 3588.334 GC heap before
{Heap before GC invocations=6726 (full 8):
 PSYoungGen      total 1536K, used 1519K [0x00000000d5580000, 0x00000000d5c80000, 0x0000000100000000)
  eden space 512K, 100% used [0x00000000d5580000,0x00000000d5600000,0x00000000d5600000)
  from space 1024K, 98% used [0x00000000d5800000,0x00000000d58fbc30,0x00000000d5900000)
  to   space 2048K, 0% used [0x00000000d5600000,0x00000000d5600000,0x00000000d5800000)
 ParOldGen       total 353280K, used 352832K [0x0000000080000000, 0x0000000095900000, 0x00000000d5580000)
  object space 353280K, 99% used [0x0000000080000000,0x00000000958903c0,0x0000000095900000)
 Metaspace       used 90616K, committed 92160K, reserved 1179648K
  class space    used 9053K, committed 9792K, reserved 1048576K
}
Event: 3588.336 GC heap after
{Heap after GC invocations=6726 (full 8):
 PSYoungGen      total 2560K, used 640K [0x00000000d5580000, 0x00000000d5980000, 0x0000000100000000)
  eden space 512K, 0% used [0x00000000d5580000,0x00000000d5580000,0x00000000d5600000)
  from space 2048K, 31% used [0x00000000d5600000,0x00000000d56a0000,0x00000000d5800000)
  to   space 1536K, 0% used [0x00000000d5800000,0x00000000d5800000,0x00000000d5980000)
 ParOldGen       total 354304K, used 353887K [0x0000000080000000, 0x0000000095a00000, 0x00000000d5580000)
  object space 354304K, 99% used [0x0000000080000000,0x0000000095997ff0,0x0000000095a00000)
 Metaspace       used 90616K, committed 92160K, reserved 1179648K
  class space    used 9053K, committed 9792K, reserved 1048576K
}
Event: 3588.337 GC heap before
{Heap before GC invocations=6727 (full 8):
 PSYoungGen      total 2560K, used 1152K [0x00000000d5580000, 0x00000000d5980000, 0x0000000100000000)
  eden space 512K, 100% used [0x00000000d5580000,0x00000000d5600000,0x00000000d5600000)
  from space 2048K, 31% used [0x00000000d5600000,0x00000000d56a0000,0x00000000d5800000)
  to   space 1536K, 0% used [0x00000000d5800000,0x00000000d5800000,0x00000000d5980000)
 ParOldGen       total 354304K, used 353887K [0x0000000080000000, 0x0000000095a00000, 0x00000000d5580000)
  object space 354304K, 99% used [0x0000000080000000,0x0000000095997ff0,0x0000000095a00000)
 Metaspace       used 90616K, committed 92160K, reserved 1179648K
  class space    used 9053K, committed 9792K, reserved 1048576K
}
Event: 3588.338 GC heap after
{Heap after GC invocations=6727 (full 8):
 PSYoungGen      total 2048K, used 640K [0x00000000d5580000, 0x00000000d5900000, 0x0000000100000000)
  eden space 1024K, 0% used [0x00000000d5580000,0x00000000d5580000,0x00000000d5680000)
  from space 1024K, 62% used [0x00000000d5800000,0x00000000d58a0000,0x00000000d5900000)
  to   space 1024K, 0% used [0x00000000d5700000,0x00000000d5700000,0x00000000d5800000)
 ParOldGen       total 354816K, used 354399K [0x0000000080000000, 0x0000000095a80000, 0x00000000d5580000)
  object space 354816K, 99% used [0x0000000080000000,0x0000000095a17ff0,0x0000000095a80000)
 Metaspace       used 90616K, committed 92160K, reserved 1179648K
  class space    used 9053K, committed 9792K, reserved 1048576K
}
Event: 3588.340 GC heap before
{Heap before GC invocations=6728 (full 8):
 PSYoungGen      total 2048K, used 1664K [0x00000000d5580000, 0x00000000d5900000, 0x0000000100000000)
  eden space 1024K, 100% used [0x00000000d5580000,0x00000000d5680000,0x00000000d5680000)
  from space 1024K, 62% used [0x00000000d5800000,0x00000000d58a0000,0x00000000d5900000)
  to   space 1024K, 0% used [0x00000000d5700000,0x00000000d5700000,0x00000000d5800000)
 ParOldGen       total 354816K, used 354399K [0x0000000080000000, 0x0000000095a80000, 0x00000000d5580000)
  object space 354816K, 99% used [0x0000000080000000,0x0000000095a17ff0,0x0000000095a80000)
 Metaspace       used 90616K, committed 92160K, reserved 1179648K
  class space    used 9053K, committed 9792K, reserved 1048576K
}
Event: 3588.341 GC heap after
{Heap after GC invocations=6728 (full 8):
 PSYoungGen      total 2560K, used 1024K [0x00000000d5580000, 0x00000000d5b00000, 0x0000000100000000)
  eden space 1536K, 0% used [0x00000000d5580000,0x00000000d5580000,0x00000000d5700000)
  from space 1024K, 100% used [0x00000000d5700000,0x00000000d5800000,0x00000000d5800000)
  to   space 2048K, 0% used [0x00000000d5900000,0x00000000d5900000,0x00000000d5b00000)
 ParOldGen       total 355328K, used 354943K [0x0000000080000000, 0x0000000095b00000, 0x00000000d5580000)
  object space 355328K, 99% used [0x0000000080000000,0x0000000095a9fff0,0x0000000095b00000)
 Metaspace       used 90616K, committed 92160K, reserved 1179648K
  class space    used 9053K, committed 9792K, reserved 1048576K
}
Event: 3588.662 GC heap before
{Heap before GC invocations=6729 (full 8):
 PSYoungGen      total 2560K, used 2560K [0x00000000d5580000, 0x00000000d5b00000, 0x0000000100000000)
  eden space 1536K, 100% used [0x00000000d5580000,0x00000000d5700000,0x00000000d5700000)
  from space 1024K, 100% used [0x00000000d5700000,0x00000000d5800000,0x00000000d5800000)
  to   space 2048K, 0% used [0x00000000d5900000,0x00000000d5900000,0x00000000d5b00000)
 ParOldGen       total 355328K, used 354943K [0x0000000080000000, 0x0000000095b00000, 0x00000000d5580000)
  object space 355328K, 99% used [0x0000000080000000,0x0000000095a9fff0,0x0000000095b00000)
 Metaspace       used 90616K, committed 92160K, reserved 1179648K
  class space    used 9053K, committed 9792K, reserved 1048576K
}
Event: 3588.663 GC heap after
{Heap after GC invocations=6729 (full 8):
 PSYoungGen      total 3072K, used 640K [0x00000000d5580000, 0x00000000d5a00000, 0x0000000100000000)
  eden space 2048K, 0% used [0x00000000d5580000,0x00000000d5580000,0x00000000d5780000)
  from space 1024K, 62% used [0x00000000d5900000,0x00000000d59a0000,0x00000000d5a00000)
  to   space 1024K, 0% used [0x00000000d5800000,0x00000000d5800000,0x00000000d5900000)
 ParOldGen       total 356352K, used 355943K [0x0000000080000000, 0x0000000095c00000, 0x00000000d5580000)
  object space 356352K, 99% used [0x0000000080000000,0x0000000095b99ff0,0x0000000095c00000)
 Metaspace       used 90616K, committed 92160K, reserved 1179648K
  class space    used 9053K, committed 9792K, reserved 1048576K
}

